{"C:\\Users\\Hp\\Desktop\\Expensify\\src\\actions\\auth.js": {"path":"C:\\Users\\Hp\\Desktop\\Expensify\\src\\actions\\auth.js","statementMap":{"0":{"start":{"line":3,"column":14},"end":{"line":6,"column":2}},"1":{"start":{"line":3,"column":24},"end":{"line":6,"column":1}},"2":{"start":{"line":8,"column":19},"end":{"line":12,"column":1}},"3":{"start":{"line":9,"column":2},"end":{"line":11,"column":4}},"4":{"start":{"line":10,"column":4},"end":{"line":10,"column":63}},"5":{"start":{"line":14,"column":15},"end":{"line":16,"column":2}},"6":{"start":{"line":14,"column":22},"end":{"line":16,"column":1}},"7":{"start":{"line":18,"column":20},"end":{"line":22,"column":1}},"8":{"start":{"line":19,"column":2},"end":{"line":21,"column":4}},"9":{"start":{"line":20,"column":4},"end":{"line":20,"column":37}}},"fnMap":{"0":{"name":"(anonymous_0)","decl":{"start":{"line":3,"column":14},"end":{"line":3,"column":15}},"loc":{"start":{"line":3,"column":24},"end":{"line":6,"column":1}},"line":3},"1":{"name":"(anonymous_1)","decl":{"start":{"line":8,"column":19},"end":{"line":8,"column":20}},"loc":{"start":{"line":8,"column":25},"end":{"line":12,"column":1}},"line":8},"2":{"name":"(anonymous_2)","decl":{"start":{"line":9,"column":9},"end":{"line":9,"column":10}},"loc":{"start":{"line":9,"column":15},"end":{"line":11,"column":3}},"line":9},"3":{"name":"(anonymous_3)","decl":{"start":{"line":14,"column":15},"end":{"line":14,"column":16}},"loc":{"start":{"line":14,"column":22},"end":{"line":16,"column":1}},"line":14},"4":{"name":"(anonymous_4)","decl":{"start":{"line":18,"column":20},"end":{"line":18,"column":21}},"loc":{"start":{"line":18,"column":26},"end":{"line":22,"column":1}},"line":18},"5":{"name":"(anonymous_5)","decl":{"start":{"line":19,"column":9},"end":{"line":19,"column":10}},"loc":{"start":{"line":19,"column":15},"end":{"line":21,"column":3}},"line":19}},"branchMap":{},"s":{"0":3,"1":1,"2":3,"3":0,"4":0,"5":3,"6":1,"7":3,"8":0,"9":0},"f":{"0":1,"1":0,"2":0,"3":1,"4":0,"5":0},"b":{},"_coverageSchema":"1a1c01bbd47fc00a2c39e90264f33305004495a9","hash":"1aad856a4096dfdf4bf7024c66624aaed5de31bd"}
,"C:\\Users\\Hp\\Desktop\\Expensify\\src\\actions\\expenses.js": {"path":"C:\\Users\\Hp\\Desktop\\Expensify\\src\\actions\\expenses.js","statementMap":{"0":{"start":{"line":4,"column":19},"end":{"line":7,"column":2}},"1":{"start":{"line":4,"column":33},"end":{"line":7,"column":1}},"2":{"start":{"line":9,"column":24},"end":{"line":32,"column":1}},"3":{"start":{"line":10,"column":2},"end":{"line":31,"column":4}},"4":{"start":{"line":11,"column":16},"end":{"line":11,"column":35}},"5":{"start":{"line":17,"column":8},"end":{"line":17,"column":19}},"6":{"start":{"line":18,"column":20},"end":{"line":18,"column":60}},"7":{"start":{"line":19,"column":4},"end":{"line":30,"column":58}},"8":{"start":{"line":23,"column":8},"end":{"line":28,"column":10}},"9":{"start":{"line":30,"column":20},"end":{"line":30,"column":56}},"10":{"start":{"line":35,"column":22},"end":{"line":38,"column":2}},"11":{"start":{"line":35,"column":31},"end":{"line":38,"column":1}},"12":{"start":{"line":40,"column":27},"end":{"line":50,"column":1}},"13":{"start":{"line":41,"column":2},"end":{"line":49,"column":4}},"14":{"start":{"line":42,"column":16},"end":{"line":42,"column":35}},"15":{"start":{"line":43,"column":4},"end":{"line":48,"column":58}},"16":{"start":{"line":46,"column":8},"end":{"line":46,"column":36}},"17":{"start":{"line":48,"column":20},"end":{"line":48,"column":56}},"18":{"start":{"line":53,"column":20},"end":{"line":57,"column":2}},"19":{"start":{"line":53,"column":38},"end":{"line":57,"column":1}},"20":{"start":{"line":59,"column":25},"end":{"line":69,"column":1}},"21":{"start":{"line":60,"column":2},"end":{"line":68,"column":4}},"22":{"start":{"line":61,"column":16},"end":{"line":61,"column":35}},"23":{"start":{"line":62,"column":4},"end":{"line":67,"column":58}},"24":{"start":{"line":65,"column":8},"end":{"line":65,"column":43}},"25":{"start":{"line":67,"column":20},"end":{"line":67,"column":56}},"26":{"start":{"line":72,"column":19},"end":{"line":75,"column":2}},"27":{"start":{"line":72,"column":34},"end":{"line":75,"column":1}},"28":{"start":{"line":77,"column":24},"end":{"line":92,"column":1}},"29":{"start":{"line":78,"column":2},"end":{"line":91,"column":4}},"30":{"start":{"line":79,"column":16},"end":{"line":79,"column":35}},"31":{"start":{"line":80,"column":4},"end":{"line":90,"column":58}},"32":{"start":{"line":84,"column":25},"end":{"line":84,"column":27}},"33":{"start":{"line":85,"column":8},"end":{"line":87,"column":11}},"34":{"start":{"line":86,"column":10},"end":{"line":86,"column":59}},"35":{"start":{"line":88,"column":8},"end":{"line":88,"column":39}},"36":{"start":{"line":90,"column":20},"end":{"line":90,"column":56}}},"fnMap":{"0":{"name":"(anonymous_0)","decl":{"start":{"line":4,"column":19},"end":{"line":4,"column":20}},"loc":{"start":{"line":4,"column":33},"end":{"line":7,"column":1}},"line":4},"1":{"name":"(anonymous_1)","decl":{"start":{"line":9,"column":24},"end":{"line":9,"column":25}},"loc":{"start":{"line":9,"column":46},"end":{"line":32,"column":1}},"line":9},"2":{"name":"(anonymous_2)","decl":{"start":{"line":10,"column":9},"end":{"line":10,"column":10}},"loc":{"start":{"line":10,"column":33},"end":{"line":31,"column":3}},"line":10},"3":{"name":"(anonymous_3)","decl":{"start":{"line":22,"column":12},"end":{"line":22,"column":13}},"loc":{"start":{"line":22,"column":22},"end":{"line":29,"column":7}},"line":22},"4":{"name":"(anonymous_4)","decl":{"start":{"line":30,"column":13},"end":{"line":30,"column":14}},"loc":{"start":{"line":30,"column":20},"end":{"line":30,"column":56}},"line":30},"5":{"name":"(anonymous_5)","decl":{"start":{"line":35,"column":22},"end":{"line":35,"column":23}},"loc":{"start":{"line":35,"column":31},"end":{"line":38,"column":1}},"line":35},"6":{"name":"(anonymous_6)","decl":{"start":{"line":40,"column":27},"end":{"line":40,"column":28}},"loc":{"start":{"line":40,"column":35},"end":{"line":50,"column":1}},"line":40},"7":{"name":"(anonymous_7)","decl":{"start":{"line":41,"column":9},"end":{"line":41,"column":10}},"loc":{"start":{"line":41,"column":33},"end":{"line":49,"column":3}},"line":41},"8":{"name":"(anonymous_8)","decl":{"start":{"line":45,"column":12},"end":{"line":45,"column":13}},"loc":{"start":{"line":45,"column":18},"end":{"line":47,"column":7}},"line":45},"9":{"name":"(anonymous_9)","decl":{"start":{"line":48,"column":13},"end":{"line":48,"column":14}},"loc":{"start":{"line":48,"column":20},"end":{"line":48,"column":56}},"line":48},"10":{"name":"(anonymous_10)","decl":{"start":{"line":53,"column":20},"end":{"line":53,"column":21}},"loc":{"start":{"line":53,"column":38},"end":{"line":57,"column":1}},"line":53},"11":{"name":"(anonymous_11)","decl":{"start":{"line":59,"column":25},"end":{"line":59,"column":26}},"loc":{"start":{"line":59,"column":42},"end":{"line":69,"column":1}},"line":59},"12":{"name":"(anonymous_12)","decl":{"start":{"line":60,"column":9},"end":{"line":60,"column":10}},"loc":{"start":{"line":60,"column":33},"end":{"line":68,"column":3}},"line":60},"13":{"name":"(anonymous_13)","decl":{"start":{"line":64,"column":12},"end":{"line":64,"column":13}},"loc":{"start":{"line":64,"column":18},"end":{"line":66,"column":7}},"line":64},"14":{"name":"(anonymous_14)","decl":{"start":{"line":67,"column":13},"end":{"line":67,"column":14}},"loc":{"start":{"line":67,"column":20},"end":{"line":67,"column":56}},"line":67},"15":{"name":"(anonymous_15)","decl":{"start":{"line":72,"column":19},"end":{"line":72,"column":20}},"loc":{"start":{"line":72,"column":34},"end":{"line":75,"column":1}},"line":72},"16":{"name":"(anonymous_16)","decl":{"start":{"line":77,"column":24},"end":{"line":77,"column":25}},"loc":{"start":{"line":77,"column":30},"end":{"line":92,"column":1}},"line":77},"17":{"name":"(anonymous_17)","decl":{"start":{"line":78,"column":9},"end":{"line":78,"column":10}},"loc":{"start":{"line":78,"column":33},"end":{"line":91,"column":3}},"line":78},"18":{"name":"(anonymous_18)","decl":{"start":{"line":83,"column":12},"end":{"line":83,"column":13}},"loc":{"start":{"line":83,"column":26},"end":{"line":89,"column":7}},"line":83},"19":{"name":"(anonymous_19)","decl":{"start":{"line":85,"column":25},"end":{"line":85,"column":26}},"loc":{"start":{"line":85,"column":36},"end":{"line":87,"column":9}},"line":85},"20":{"name":"(anonymous_20)","decl":{"start":{"line":90,"column":13},"end":{"line":90,"column":14}},"loc":{"start":{"line":90,"column":20},"end":{"line":90,"column":56}},"line":90}},"branchMap":{"0":{"loc":{"start":{"line":9,"column":25},"end":{"line":9,"column":41}},"type":"default-arg","locations":[{"start":{"line":9,"column":39},"end":{"line":9,"column":41}}],"line":9},"1":{"loc":{"start":{"line":13,"column":6},"end":{"line":13,"column":22}},"type":"default-arg","locations":[{"start":{"line":13,"column":20},"end":{"line":13,"column":22}}],"line":13},"2":{"loc":{"start":{"line":14,"column":6},"end":{"line":14,"column":15}},"type":"default-arg","locations":[{"start":{"line":14,"column":13},"end":{"line":14,"column":15}}],"line":14},"3":{"loc":{"start":{"line":15,"column":6},"end":{"line":15,"column":16}},"type":"default-arg","locations":[{"start":{"line":15,"column":15},"end":{"line":15,"column":16}}],"line":15},"4":{"loc":{"start":{"line":16,"column":6},"end":{"line":16,"column":19}},"type":"default-arg","locations":[{"start":{"line":16,"column":18},"end":{"line":16,"column":19}}],"line":16}},"s":{"0":3,"1":2,"2":3,"3":2,"4":2,"5":2,"6":2,"7":2,"8":2,"9":0,"10":3,"11":2,"12":3,"13":1,"14":1,"15":1,"16":1,"17":0,"18":3,"19":2,"20":3,"21":1,"22":1,"23":1,"24":1,"25":0,"26":3,"27":2,"28":3,"29":1,"30":1,"31":1,"32":1,"33":1,"34":3,"35":1,"36":0},"f":{"0":2,"1":2,"2":2,"3":2,"4":0,"5":2,"6":1,"7":1,"8":1,"9":0,"10":2,"11":1,"12":1,"13":1,"14":0,"15":2,"16":1,"17":1,"18":1,"19":3,"20":0},"b":{"0":[1],"1":[1],"2":[1],"3":[1],"4":[1]},"_coverageSchema":"1a1c01bbd47fc00a2c39e90264f33305004495a9","hash":"37fa99f173bdb24bc6fbc302ef732b504064a79e"}
,"C:\\Users\\Hp\\Desktop\\Expensify\\src\\actions\\filters.js": {"path":"C:\\Users\\Hp\\Desktop\\Expensify\\src\\actions\\filters.js","statementMap":{"0":{"start":{"line":2,"column":22},"end":{"line":5,"column":2}},"1":{"start":{"line":2,"column":38},"end":{"line":5,"column":1}},"2":{"start":{"line":8,"column":21},"end":{"line":10,"column":2}},"3":{"start":{"line":8,"column":28},"end":{"line":10,"column":1}},"4":{"start":{"line":13,"column":19},"end":{"line":15,"column":2}},"5":{"start":{"line":13,"column":26},"end":{"line":15,"column":1}},"6":{"start":{"line":18,"column":21},"end":{"line":21,"column":2}},"7":{"start":{"line":18,"column":37},"end":{"line":21,"column":1}},"8":{"start":{"line":24,"column":19},"end":{"line":27,"column":2}},"9":{"start":{"line":24,"column":33},"end":{"line":27,"column":1}}},"fnMap":{"0":{"name":"(anonymous_0)","decl":{"start":{"line":2,"column":22},"end":{"line":2,"column":23}},"loc":{"start":{"line":2,"column":38},"end":{"line":5,"column":1}},"line":2},"1":{"name":"(anonymous_1)","decl":{"start":{"line":8,"column":21},"end":{"line":8,"column":22}},"loc":{"start":{"line":8,"column":28},"end":{"line":10,"column":1}},"line":8},"2":{"name":"(anonymous_2)","decl":{"start":{"line":13,"column":19},"end":{"line":13,"column":20}},"loc":{"start":{"line":13,"column":26},"end":{"line":15,"column":1}},"line":13},"3":{"name":"(anonymous_3)","decl":{"start":{"line":18,"column":21},"end":{"line":18,"column":22}},"loc":{"start":{"line":18,"column":37},"end":{"line":21,"column":1}},"line":18},"4":{"name":"(anonymous_4)","decl":{"start":{"line":24,"column":19},"end":{"line":24,"column":20}},"loc":{"start":{"line":24,"column":33},"end":{"line":27,"column":1}},"line":24}},"branchMap":{"0":{"loc":{"start":{"line":2,"column":23},"end":{"line":2,"column":32}},"type":"default-arg","locations":[{"start":{"line":2,"column":30},"end":{"line":2,"column":32}}],"line":2}},"s":{"0":3,"1":2,"2":3,"3":1,"4":3,"5":1,"6":3,"7":1,"8":3,"9":1},"f":{"0":2,"1":1,"2":1,"3":1,"4":1},"b":{"0":[0]},"_coverageSchema":"1a1c01bbd47fc00a2c39e90264f33305004495a9","hash":"ff3d5f86e72eaea96e6c70486dffed479d768aad"}
,"C:\\Users\\Hp\\Desktop\\Expensify\\src\\components\\CreateExpense.js": {"path":"C:\\Users\\Hp\\Desktop\\Expensify\\src\\components\\CreateExpense.js","statementMap":{"0":{"start":{"line":7,"column":13},"end":{"line":11,"column":3}},"1":{"start":{"line":8,"column":4},"end":{"line":8,"column":25}},"2":{"start":{"line":9,"column":4},"end":{"line":9,"column":40}},"3":{"start":{"line":10,"column":4},"end":{"line":10,"column":33}},"4":{"start":{"line":14,"column":4},"end":{"line":21,"column":6}},"5":{"start":{"line":27,"column":20},"end":{"line":29,"column":2}},"6":{"start":{"line":27,"column":35},"end":{"line":29,"column":1}},"7":{"start":{"line":28,"column":32},"end":{"line":28,"column":66}}},"fnMap":{"0":{"name":"(anonymous_0)","decl":{"start":{"line":7,"column":13},"end":{"line":7,"column":14}},"loc":{"start":{"line":7,"column":26},"end":{"line":11,"column":3}},"line":7},"1":{"name":"(anonymous_1)","decl":{"start":{"line":13,"column":2},"end":{"line":13,"column":3}},"loc":{"start":{"line":13,"column":11},"end":{"line":22,"column":3}},"line":13},"2":{"name":"(anonymous_2)","decl":{"start":{"line":27,"column":20},"end":{"line":27,"column":21}},"loc":{"start":{"line":27,"column":35},"end":{"line":29,"column":1}},"line":27},"3":{"name":"(anonymous_3)","decl":{"start":{"line":28,"column":19},"end":{"line":28,"column":20}},"loc":{"start":{"line":28,"column":32},"end":{"line":28,"column":66}},"line":28}},"branchMap":{},"s":{"0":2,"1":1,"2":1,"3":1,"4":2,"5":1,"6":0,"7":0},"f":{"0":1,"1":2,"2":0,"3":0},"b":{},"_coverageSchema":"1a1c01bbd47fc00a2c39e90264f33305004495a9","hash":"ec8544d02f9580a8e8b62155478168aa0181d61b"}
,"C:\\Users\\Hp\\Desktop\\Expensify\\src\\components\\Dashboard.js": {"path":"C:\\Users\\Hp\\Desktop\\Expensify\\src\\components\\Dashboard.js","statementMap":{"0":{"start":{"line":6,"column":18},"end":{"line":12,"column":1}},"1":{"start":{"line":7,"column":2},"end":{"line":11,"column":8}}},"fnMap":{"0":{"name":"(anonymous_0)","decl":{"start":{"line":6,"column":18},"end":{"line":6,"column":19}},"loc":{"start":{"line":7,"column":2},"end":{"line":11,"column":8}},"line":7}},"branchMap":{},"s":{"0":1,"1":1},"f":{"0":1},"b":{},"_coverageSchema":"1a1c01bbd47fc00a2c39e90264f33305004495a9","hash":"41beeaca0dd6f13abe512159e81db33be3071946"}
,"C:\\Users\\Hp\\Desktop\\Expensify\\src\\components\\DoesNotExist.js": {"path":"C:\\Users\\Hp\\Desktop\\Expensify\\src\\components\\DoesNotExist.js","statementMap":{"0":{"start":{"line":2,"column":21},"end":{"line":2,"column":77}},"1":{"start":{"line":2,"column":27},"end":{"line":2,"column":77}}},"fnMap":{"0":{"name":"(anonymous_0)","decl":{"start":{"line":2,"column":21},"end":{"line":2,"column":22}},"loc":{"start":{"line":2,"column":27},"end":{"line":2,"column":77}},"line":2}},"branchMap":{},"s":{"0":1,"1":1},"f":{"0":1},"b":{},"_coverageSchema":"1a1c01bbd47fc00a2c39e90264f33305004495a9","hash":"4b5859345c10184dc8144d510ab246dc256ead92"}
,"C:\\Users\\Hp\\Desktop\\Expensify\\src\\components\\EditExpense.js": {"path":"C:\\Users\\Hp\\Desktop\\Expensify\\src\\components\\EditExpense.js","statementMap":{"0":{"start":{"line":7,"column":13},"end":{"line":12,"column":3}},"1":{"start":{"line":9,"column":4},"end":{"line":9,"column":25}},"2":{"start":{"line":10,"column":4},"end":{"line":10,"column":64}},"3":{"start":{"line":11,"column":4},"end":{"line":11,"column":33}},"4":{"start":{"line":14,"column":13},"end":{"line":17,"column":3}},"5":{"start":{"line":15,"column":4},"end":{"line":15,"column":57}},"6":{"start":{"line":16,"column":4},"end":{"line":16,"column":33}},"7":{"start":{"line":19,"column":4},"end":{"line":28,"column":6}},"8":{"start":{"line":32,"column":24},"end":{"line":36,"column":2}},"9":{"start":{"line":32,"column":43},"end":{"line":36,"column":1}},"10":{"start":{"line":34,"column":17},"end":{"line":34,"column":53}},"11":{"start":{"line":38,"column":20},"end":{"line":41,"column":2}},"12":{"start":{"line":38,"column":35},"end":{"line":41,"column":1}},"13":{"start":{"line":39,"column":30},"end":{"line":39,"column":62}},"14":{"start":{"line":40,"column":37},"end":{"line":40,"column":76}}},"fnMap":{"0":{"name":"(anonymous_0)","decl":{"start":{"line":7,"column":13},"end":{"line":7,"column":14}},"loc":{"start":{"line":7,"column":26},"end":{"line":12,"column":3}},"line":7},"1":{"name":"(anonymous_1)","decl":{"start":{"line":14,"column":13},"end":{"line":14,"column":14}},"loc":{"start":{"line":14,"column":19},"end":{"line":17,"column":3}},"line":14},"2":{"name":"(anonymous_2)","decl":{"start":{"line":18,"column":2},"end":{"line":18,"column":3}},"loc":{"start":{"line":18,"column":11},"end":{"line":29,"column":3}},"line":18},"3":{"name":"(anonymous_3)","decl":{"start":{"line":32,"column":24},"end":{"line":32,"column":25}},"loc":{"start":{"line":32,"column":43},"end":{"line":36,"column":1}},"line":32},"4":{"name":"(anonymous_4)","decl":{"start":{"line":34,"column":4},"end":{"line":34,"column":5}},"loc":{"start":{"line":34,"column":17},"end":{"line":34,"column":53}},"line":34},"5":{"name":"(anonymous_5)","decl":{"start":{"line":38,"column":20},"end":{"line":38,"column":21}},"loc":{"start":{"line":38,"column":35},"end":{"line":41,"column":1}},"line":38},"6":{"name":"(anonymous_6)","decl":{"start":{"line":39,"column":22},"end":{"line":39,"column":23}},"loc":{"start":{"line":39,"column":30},"end":{"line":39,"column":62}},"line":39},"7":{"name":"(anonymous_7)","decl":{"start":{"line":40,"column":20},"end":{"line":40,"column":21}},"loc":{"start":{"line":40,"column":37},"end":{"line":40,"column":76}},"line":40}},"branchMap":{},"s":{"0":3,"1":1,"2":1,"3":1,"4":3,"5":1,"6":1,"7":3,"8":1,"9":0,"10":0,"11":1,"12":0,"13":0,"14":0},"f":{"0":1,"1":1,"2":3,"3":0,"4":0,"5":0,"6":0,"7":0},"b":{},"_coverageSchema":"1a1c01bbd47fc00a2c39e90264f33305004495a9","hash":"2745d16ced365383c001273e8212c817f38e6a30"}
,"C:\\Users\\Hp\\Desktop\\Expensify\\src\\components\\ExpenseForm.js": {"path":"C:\\Users\\Hp\\Desktop\\Expensify\\src\\components\\ExpenseForm.js","statementMap":{"0":{"start":{"line":10,"column":4},"end":{"line":10,"column":17}},"1":{"start":{"line":11,"column":4},"end":{"line":18,"column":6}},"2":{"start":{"line":24,"column":28},"end":{"line":27,"column":3}},"3":{"start":{"line":25,"column":24},"end":{"line":25,"column":38}},"4":{"start":{"line":26,"column":4},"end":{"line":26,"column":43}},"5":{"start":{"line":26,"column":25},"end":{"line":26,"column":40}},"6":{"start":{"line":29,"column":21},"end":{"line":32,"column":3}},"7":{"start":{"line":30,"column":17},"end":{"line":30,"column":31}},"8":{"start":{"line":31,"column":4},"end":{"line":31,"column":36}},"9":{"start":{"line":31,"column":25},"end":{"line":31,"column":33}},"10":{"start":{"line":34,"column":23},"end":{"line":40,"column":3}},"11":{"start":{"line":35,"column":19},"end":{"line":35,"column":33}},"12":{"start":{"line":36,"column":4},"end":{"line":37,"column":40}},"13":{"start":{"line":37,"column":27},"end":{"line":37,"column":37}},"14":{"start":{"line":39,"column":4},"end":{"line":39,"column":35}},"15":{"start":{"line":42,"column":17},"end":{"line":57,"column":3}},"16":{"start":{"line":43,"column":4},"end":{"line":43,"column":23}},"17":{"start":{"line":44,"column":4},"end":{"line":56,"column":5}},"18":{"start":{"line":45,"column":6},"end":{"line":47,"column":10}},"19":{"start":{"line":45,"column":27},"end":{"line":47,"column":7}},"20":{"start":{"line":49,"column":6},"end":{"line":49,"column":43}},"21":{"start":{"line":49,"column":27},"end":{"line":49,"column":40}},"22":{"start":{"line":50,"column":6},"end":{"line":55,"column":9}},"23":{"start":{"line":61,"column":21},"end":{"line":63,"column":3}},"24":{"start":{"line":62,"column":4},"end":{"line":62,"column":56}},"25":{"start":{"line":62,"column":19},"end":{"line":62,"column":56}},"26":{"start":{"line":62,"column":40},"end":{"line":62,"column":53}},"27":{"start":{"line":65,"column":22},"end":{"line":67,"column":3}},"28":{"start":{"line":66,"column":4},"end":{"line":66,"column":56}},"29":{"start":{"line":66,"column":25},"end":{"line":66,"column":53}},"30":{"start":{"line":70,"column":4},"end":{"line":104,"column":6}},"31":{"start":{"line":93,"column":34},"end":{"line":93,"column":39}}},"fnMap":{"0":{"name":"(anonymous_0)","decl":{"start":{"line":9,"column":2},"end":{"line":9,"column":3}},"loc":{"start":{"line":9,"column":21},"end":{"line":19,"column":3}},"line":9},"1":{"name":"(anonymous_1)","decl":{"start":{"line":24,"column":28},"end":{"line":24,"column":29}},"loc":{"start":{"line":24,"column":35},"end":{"line":27,"column":3}},"line":24},"2":{"name":"(anonymous_2)","decl":{"start":{"line":26,"column":18},"end":{"line":26,"column":19}},"loc":{"start":{"line":26,"column":25},"end":{"line":26,"column":40}},"line":26},"3":{"name":"(anonymous_3)","decl":{"start":{"line":29,"column":21},"end":{"line":29,"column":22}},"loc":{"start":{"line":29,"column":28},"end":{"line":32,"column":3}},"line":29},"4":{"name":"(anonymous_4)","decl":{"start":{"line":31,"column":18},"end":{"line":31,"column":19}},"loc":{"start":{"line":31,"column":25},"end":{"line":31,"column":33}},"line":31},"5":{"name":"(anonymous_5)","decl":{"start":{"line":34,"column":23},"end":{"line":34,"column":24}},"loc":{"start":{"line":34,"column":30},"end":{"line":40,"column":3}},"line":34},"6":{"name":"(anonymous_6)","decl":{"start":{"line":37,"column":20},"end":{"line":37,"column":21}},"loc":{"start":{"line":37,"column":27},"end":{"line":37,"column":37}},"line":37},"7":{"name":"(anonymous_7)","decl":{"start":{"line":42,"column":17},"end":{"line":42,"column":18}},"loc":{"start":{"line":42,"column":24},"end":{"line":57,"column":3}},"line":42},"8":{"name":"(anonymous_8)","decl":{"start":{"line":45,"column":20},"end":{"line":45,"column":21}},"loc":{"start":{"line":45,"column":27},"end":{"line":47,"column":7}},"line":45},"9":{"name":"(anonymous_9)","decl":{"start":{"line":49,"column":20},"end":{"line":49,"column":21}},"loc":{"start":{"line":49,"column":27},"end":{"line":49,"column":40}},"line":49},"10":{"name":"(anonymous_10)","decl":{"start":{"line":61,"column":21},"end":{"line":61,"column":22}},"loc":{"start":{"line":61,"column":36},"end":{"line":63,"column":3}},"line":61},"11":{"name":"(anonymous_11)","decl":{"start":{"line":62,"column":33},"end":{"line":62,"column":34}},"loc":{"start":{"line":62,"column":40},"end":{"line":62,"column":53}},"line":62},"12":{"name":"(anonymous_12)","decl":{"start":{"line":65,"column":22},"end":{"line":65,"column":23}},"loc":{"start":{"line":65,"column":39},"end":{"line":67,"column":3}},"line":65},"13":{"name":"(anonymous_13)","decl":{"start":{"line":66,"column":18},"end":{"line":66,"column":19}},"loc":{"start":{"line":66,"column":25},"end":{"line":66,"column":53}},"line":66},"14":{"name":"(anonymous_14)","decl":{"start":{"line":69,"column":2},"end":{"line":69,"column":3}},"loc":{"start":{"line":69,"column":11},"end":{"line":105,"column":3}},"line":69},"15":{"name":"(anonymous_15)","decl":{"start":{"line":93,"column":28},"end":{"line":93,"column":29}},"loc":{"start":{"line":93,"column":34},"end":{"line":93,"column":39}},"line":93}},"branchMap":{"0":{"loc":{"start":{"line":12,"column":19},"end":{"line":12,"column":65}},"type":"cond-expr","locations":[{"start":{"line":12,"column":35},"end":{"line":12,"column":60}},{"start":{"line":12,"column":63},"end":{"line":12,"column":65}}],"line":12},"1":{"loc":{"start":{"line":13,"column":12},"end":{"line":13,"column":51}},"type":"cond-expr","locations":[{"start":{"line":13,"column":28},"end":{"line":13,"column":46}},{"start":{"line":13,"column":49},"end":{"line":13,"column":51}}],"line":13},"2":{"loc":{"start":{"line":14,"column":14},"end":{"line":14,"column":66}},"type":"cond-expr","locations":[{"start":{"line":14,"column":30},"end":{"line":14,"column":61}},{"start":{"line":14,"column":64},"end":{"line":14,"column":66}}],"line":14},"3":{"loc":{"start":{"line":15,"column":17},"end":{"line":15,"column":75}},"type":"cond-expr","locations":[{"start":{"line":15,"column":33},"end":{"line":15,"column":64}},{"start":{"line":15,"column":67},"end":{"line":15,"column":75}}],"line":15},"4":{"loc":{"start":{"line":36,"column":4},"end":{"line":37,"column":39}},"type":"binary-expr","locations":[{"start":{"line":36,"column":5},"end":{"line":36,"column":12}},{"start":{"line":36,"column":16},"end":{"line":36,"column":52}},{"start":{"line":37,"column":6},"end":{"line":37,"column":39}}],"line":36},"5":{"loc":{"start":{"line":44,"column":4},"end":{"line":56,"column":5}},"type":"if","locations":[{"start":{"line":44,"column":4},"end":{"line":56,"column":5}},{"start":{"line":44,"column":4},"end":{"line":56,"column":5}}],"line":44},"6":{"loc":{"start":{"line":44,"column":8},"end":{"line":44,"column":53}},"type":"binary-expr","locations":[{"start":{"line":44,"column":8},"end":{"line":44,"column":31}},{"start":{"line":44,"column":35},"end":{"line":44,"column":53}}],"line":44},"7":{"loc":{"start":{"line":62,"column":4},"end":{"line":62,"column":56}},"type":"if","locations":[{"start":{"line":62,"column":4},"end":{"line":62,"column":56}},{"start":{"line":62,"column":4},"end":{"line":62,"column":56}}],"line":62}},"s":{"0":10,"1":10,"2":10,"3":1,"4":1,"5":1,"6":10,"7":1,"8":1,"9":1,"10":10,"11":3,"12":3,"13":1,"14":3,"15":10,"16":2,"17":2,"18":1,"19":1,"20":1,"21":1,"22":1,"23":10,"24":1,"25":1,"26":1,"27":10,"28":1,"29":1,"30":17,"31":0},"f":{"0":10,"1":1,"2":1,"3":1,"4":1,"5":3,"6":1,"7":2,"8":1,"9":1,"10":1,"11":1,"12":1,"13":1,"14":17,"15":0},"b":{"0":[2,8],"1":[2,8],"2":[2,8],"3":[2,8],"4":[3,3,1],"5":[1,1],"6":[2,1],"7":[1,0]},"_coverageSchema":"1a1c01bbd47fc00a2c39e90264f33305004495a9","hash":"7cbe48ea51beb8171fa1005722a38d2398a8dab2"}
,"C:\\Users\\Hp\\Desktop\\Expensify\\src\\components\\ExpenseList.js": {"path":"C:\\Users\\Hp\\Desktop\\Expensify\\src\\components\\ExpenseList.js","statementMap":{"0":{"start":{"line":6,"column":27},"end":{"line":15,"column":1}},"1":{"start":{"line":7,"column":2},"end":{"line":14,"column":8}},"2":{"start":{"line":11,"column":10},"end":{"line":11,"column":59}},"3":{"start":{"line":20,"column":24},"end":{"line":24,"column":1}},"4":{"start":{"line":21,"column":2},"end":{"line":23,"column":4}}},"fnMap":{"0":{"name":"(anonymous_0)","decl":{"start":{"line":6,"column":27},"end":{"line":6,"column":28}},"loc":{"start":{"line":7,"column":2},"end":{"line":14,"column":8}},"line":7},"1":{"name":"(anonymous_1)","decl":{"start":{"line":10,"column":27},"end":{"line":10,"column":28}},"loc":{"start":{"line":11,"column":10},"end":{"line":11,"column":59}},"line":11},"2":{"name":"(anonymous_2)","decl":{"start":{"line":20,"column":24},"end":{"line":20,"column":25}},"loc":{"start":{"line":20,"column":35},"end":{"line":24,"column":1}},"line":20}},"branchMap":{"0":{"loc":{"start":{"line":8,"column":5},"end":{"line":13,"column":10}},"type":"cond-expr","locations":[{"start":{"line":9,"column":8},"end":{"line":9,"column":24}},{"start":{"line":10,"column":8},"end":{"line":13,"column":10}}],"line":8}},"s":{"0":2,"1":2,"2":3,"3":2,"4":0},"f":{"0":2,"1":3,"2":0},"b":{"0":[1,1]},"_coverageSchema":"1a1c01bbd47fc00a2c39e90264f33305004495a9","hash":"e6e34084abcdbb40e6c6653e9e3f0a26c33c3f44"}
,"C:\\Users\\Hp\\Desktop\\Expensify\\src\\components\\ExpenseListFilters.js": {"path":"C:\\Users\\Hp\\Desktop\\Expensify\\src\\components\\ExpenseListFilters.js","statementMap":{"0":{"start":{"line":13,"column":10},"end":{"line":15,"column":3}},"1":{"start":{"line":17,"column":18},"end":{"line":20,"column":3}},"2":{"start":{"line":18,"column":4},"end":{"line":18,"column":39}},"3":{"start":{"line":19,"column":4},"end":{"line":19,"column":35}},"4":{"start":{"line":22,"column":18},"end":{"line":24,"column":3}},"5":{"start":{"line":23,"column":4},"end":{"line":23,"column":47}},"6":{"start":{"line":23,"column":25},"end":{"line":23,"column":44}},"7":{"start":{"line":26,"column":17},"end":{"line":28,"column":3}},"8":{"start":{"line":27,"column":4},"end":{"line":27,"column":45}},"9":{"start":{"line":30,"column":17},"end":{"line":34,"column":3}},"10":{"start":{"line":31,"column":4},"end":{"line":33,"column":34}},"11":{"start":{"line":36,"column":4},"end":{"line":61,"column":6}},"12":{"start":{"line":56,"column":32},"end":{"line":56,"column":37}},"13":{"start":{"line":65,"column":17},"end":{"line":69,"column":1}},"14":{"start":{"line":66,"column":2},"end":{"line":68,"column":4}},"15":{"start":{"line":71,"column":20},"end":{"line":77,"column":2}},"16":{"start":{"line":71,"column":35},"end":{"line":77,"column":1}},"17":{"start":{"line":72,"column":20},"end":{"line":72,"column":42}},"18":{"start":{"line":73,"column":22},"end":{"line":73,"column":46}},"19":{"start":{"line":74,"column":27},"end":{"line":74,"column":56}},"20":{"start":{"line":75,"column":26},"end":{"line":75,"column":54}},"21":{"start":{"line":76,"column":24},"end":{"line":76,"column":50}}},"fnMap":{"0":{"name":"(anonymous_0)","decl":{"start":{"line":17,"column":18},"end":{"line":17,"column":19}},"loc":{"start":{"line":17,"column":46},"end":{"line":20,"column":3}},"line":17},"1":{"name":"(anonymous_1)","decl":{"start":{"line":22,"column":18},"end":{"line":22,"column":19}},"loc":{"start":{"line":22,"column":39},"end":{"line":24,"column":3}},"line":22},"2":{"name":"(anonymous_2)","decl":{"start":{"line":23,"column":18},"end":{"line":23,"column":19}},"loc":{"start":{"line":23,"column":25},"end":{"line":23,"column":44}},"line":23},"3":{"name":"(anonymous_3)","decl":{"start":{"line":26,"column":17},"end":{"line":26,"column":18}},"loc":{"start":{"line":26,"column":24},"end":{"line":28,"column":3}},"line":26},"4":{"name":"(anonymous_4)","decl":{"start":{"line":30,"column":17},"end":{"line":30,"column":18}},"loc":{"start":{"line":30,"column":24},"end":{"line":34,"column":3}},"line":30},"5":{"name":"(anonymous_5)","decl":{"start":{"line":35,"column":2},"end":{"line":35,"column":3}},"loc":{"start":{"line":35,"column":11},"end":{"line":62,"column":3}},"line":35},"6":{"name":"(anonymous_6)","decl":{"start":{"line":56,"column":26},"end":{"line":56,"column":27}},"loc":{"start":{"line":56,"column":32},"end":{"line":56,"column":37}},"line":56},"7":{"name":"(anonymous_7)","decl":{"start":{"line":65,"column":17},"end":{"line":65,"column":18}},"loc":{"start":{"line":65,"column":28},"end":{"line":69,"column":1}},"line":65},"8":{"name":"(anonymous_8)","decl":{"start":{"line":71,"column":20},"end":{"line":71,"column":21}},"loc":{"start":{"line":71,"column":35},"end":{"line":77,"column":1}},"line":71},"9":{"name":"(anonymous_9)","decl":{"start":{"line":72,"column":14},"end":{"line":72,"column":15}},"loc":{"start":{"line":72,"column":20},"end":{"line":72,"column":42}},"line":72},"10":{"name":"(anonymous_10)","decl":{"start":{"line":73,"column":16},"end":{"line":73,"column":17}},"loc":{"start":{"line":73,"column":22},"end":{"line":73,"column":46}},"line":73},"11":{"name":"(anonymous_11)","decl":{"start":{"line":74,"column":17},"end":{"line":74,"column":18}},"loc":{"start":{"line":74,"column":27},"end":{"line":74,"column":56}},"line":74},"12":{"name":"(anonymous_12)","decl":{"start":{"line":75,"column":16},"end":{"line":75,"column":17}},"loc":{"start":{"line":75,"column":26},"end":{"line":75,"column":54}},"line":75},"13":{"name":"(anonymous_13)","decl":{"start":{"line":76,"column":14},"end":{"line":76,"column":15}},"loc":{"start":{"line":76,"column":24},"end":{"line":76,"column":50}},"line":76}},"branchMap":{"0":{"loc":{"start":{"line":31,"column":4},"end":{"line":33,"column":33}},"type":"cond-expr","locations":[{"start":{"line":32,"column":8},"end":{"line":32,"column":31}},{"start":{"line":33,"column":8},"end":{"line":33,"column":33}}],"line":31}},"s":{"0":7,"1":7,"2":1,"3":1,"4":7,"5":1,"6":1,"7":7,"8":1,"9":7,"10":2,"11":10,"12":0,"13":2,"14":0,"15":2,"16":0,"17":0,"18":0,"19":0,"20":0,"21":0},"f":{"0":1,"1":1,"2":1,"3":1,"4":2,"5":10,"6":0,"7":0,"8":0,"9":0,"10":0,"11":0,"12":0,"13":0},"b":{"0":[1,1]},"_coverageSchema":"1a1c01bbd47fc00a2c39e90264f33305004495a9","hash":"b784df362b2e5771ad4f06b9e2f10ea7c224f26e"}
,"C:\\Users\\Hp\\Desktop\\Expensify\\src\\components\\ExpenseListItem.js": {"path":"C:\\Users\\Hp\\Desktop\\Expensify\\src\\components\\ExpenseListItem.js","statementMap":{"0":{"start":{"line":6,"column":24},"end":{"line":17,"column":1}},"1":{"start":{"line":7,"column":2},"end":{"line":16,"column":4}}},"fnMap":{"0":{"name":"(anonymous_0)","decl":{"start":{"line":6,"column":24},"end":{"line":6,"column":25}},"loc":{"start":{"line":6,"column":68},"end":{"line":17,"column":1}},"line":6}},"branchMap":{},"s":{"0":3,"1":1},"f":{"0":1},"b":{},"_coverageSchema":"1a1c01bbd47fc00a2c39e90264f33305004495a9","hash":"18cd575b7fd564357b8610a2f9d336ace9329d24"}
,"C:\\Users\\Hp\\Desktop\\Expensify\\src\\components\\ExpenseSummary.js": {"path":"C:\\Users\\Hp\\Desktop\\Expensify\\src\\components\\ExpenseSummary.js","statementMap":{"0":{"start":{"line":8,"column":30},"end":{"line":27,"column":1}},"1":{"start":{"line":12,"column":2},"end":{"line":26,"column":4}},"2":{"start":{"line":29,"column":17},"end":{"line":37,"column":1}},"3":{"start":{"line":30,"column":26},"end":{"line":30,"column":63}},"4":{"start":{"line":31,"column":22},"end":{"line":31,"column":79}},"5":{"start":{"line":32,"column":24},"end":{"line":32,"column":46}},"6":{"start":{"line":33,"column":2},"end":{"line":36,"column":4}}},"fnMap":{"0":{"name":"(anonymous_0)","decl":{"start":{"line":8,"column":30},"end":{"line":8,"column":31}},"loc":{"start":{"line":8,"column":66},"end":{"line":27,"column":1}},"line":8},"1":{"name":"(anonymous_1)","decl":{"start":{"line":29,"column":17},"end":{"line":29,"column":18}},"loc":{"start":{"line":29,"column":44},"end":{"line":37,"column":1}},"line":29}},"branchMap":{},"s":{"0":2,"1":2,"2":2,"3":0,"4":0,"5":0,"6":0},"f":{"0":2,"1":0},"b":{},"_coverageSchema":"1a1c01bbd47fc00a2c39e90264f33305004495a9","hash":"9c015c4a150e9fa931a2a26285a167a8cd35b2e1"}
,"C:\\Users\\Hp\\Desktop\\Expensify\\src\\components\\Header.js": {"path":"C:\\Users\\Hp\\Desktop\\Expensify\\src\\components\\Header.js","statementMap":{"0":{"start":{"line":8,"column":22},"end":{"line":21,"column":1}},"1":{"start":{"line":9,"column":2},"end":{"line":20,"column":8}},"2":{"start":{"line":23,"column":20},"end":{"line":25,"column":2}},"3":{"start":{"line":23,"column":35},"end":{"line":25,"column":1}},"4":{"start":{"line":24,"column":21},"end":{"line":24,"column":44}}},"fnMap":{"0":{"name":"(anonymous_0)","decl":{"start":{"line":8,"column":22},"end":{"line":8,"column":23}},"loc":{"start":{"line":9,"column":2},"end":{"line":20,"column":8}},"line":9},"1":{"name":"(anonymous_1)","decl":{"start":{"line":23,"column":20},"end":{"line":23,"column":21}},"loc":{"start":{"line":23,"column":35},"end":{"line":25,"column":1}},"line":23},"2":{"name":"(anonymous_2)","decl":{"start":{"line":24,"column":15},"end":{"line":24,"column":16}},"loc":{"start":{"line":24,"column":21},"end":{"line":24,"column":44}},"line":24}},"branchMap":{},"s":{"0":1,"1":2,"2":1,"3":0,"4":0},"f":{"0":2,"1":0,"2":0},"b":{},"_coverageSchema":"1a1c01bbd47fc00a2c39e90264f33305004495a9","hash":"608ee3f6784a629bfd4e4851c035837251f82e4b"}
,"C:\\Users\\Hp\\Desktop\\Expensify\\src\\components\\LoginPage.js": {"path":"C:\\Users\\Hp\\Desktop\\Expensify\\src\\components\\LoginPage.js","statementMap":{"0":{"start":{"line":5,"column":25},"end":{"line":17,"column":1}},"1":{"start":{"line":6,"column":2},"end":{"line":16,"column":4}},"2":{"start":{"line":19,"column":20},"end":{"line":21,"column":2}},"3":{"start":{"line":19,"column":35},"end":{"line":21,"column":1}},"4":{"start":{"line":20,"column":20},"end":{"line":20,"column":42}}},"fnMap":{"0":{"name":"(anonymous_0)","decl":{"start":{"line":5,"column":25},"end":{"line":5,"column":26}},"loc":{"start":{"line":5,"column":45},"end":{"line":17,"column":1}},"line":5},"1":{"name":"(anonymous_1)","decl":{"start":{"line":19,"column":20},"end":{"line":19,"column":21}},"loc":{"start":{"line":19,"column":35},"end":{"line":21,"column":1}},"line":19},"2":{"name":"(anonymous_2)","decl":{"start":{"line":20,"column":14},"end":{"line":20,"column":15}},"loc":{"start":{"line":20,"column":20},"end":{"line":20,"column":42}},"line":20}},"branchMap":{},"s":{"0":1,"1":2,"2":1,"3":0,"4":0},"f":{"0":2,"1":0,"2":0},"b":{},"_coverageSchema":"1a1c01bbd47fc00a2c39e90264f33305004495a9","hash":"02032cd4589a82b300654e65a9eb9b82f8c8d966"}
,"C:\\Users\\Hp\\Desktop\\Expensify\\src\\firebase\\firebase.js": {"path":"C:\\Users\\Hp\\Desktop\\Expensify\\src\\firebase\\firebase.js","statementMap":{"0":{"start":{"line":6,"column":23},"end":{"line":15,"column":1}},"1":{"start":{"line":17,"column":0},"end":{"line":17,"column":39}},"2":{"start":{"line":20,"column":11},"end":{"line":20,"column":30}},"3":{"start":{"line":21,"column":27},"end":{"line":21,"column":65}}},"fnMap":{},"branchMap":{},"s":{"0":6,"1":6,"2":6,"3":6},"f":{},"b":{},"_coverageSchema":"1a1c01bbd47fc00a2c39e90264f33305004495a9","hash":"85a8b70a9e39eddce668d414d4e4cfd2070178dc"}
,"C:\\Users\\Hp\\Desktop\\Expensify\\src\\reducers\\auth.js": {"path":"C:\\Users\\Hp\\Desktop\\Expensify\\src\\reducers\\auth.js","statementMap":{"0":{"start":{"line":2,"column":2},"end":{"line":11,"column":3}},"1":{"start":{"line":4,"column":6},"end":{"line":6,"column":8}},"2":{"start":{"line":8,"column":6},"end":{"line":8,"column":16}},"3":{"start":{"line":10,"column":6},"end":{"line":10,"column":19}}},"fnMap":{"0":{"name":"(anonymous_0)","decl":{"start":{"line":1,"column":15},"end":{"line":1,"column":16}},"loc":{"start":{"line":1,"column":39},"end":{"line":12,"column":1}},"line":1}},"branchMap":{"0":{"loc":{"start":{"line":1,"column":16},"end":{"line":1,"column":26}},"type":"default-arg","locations":[{"start":{"line":1,"column":24},"end":{"line":1,"column":26}}],"line":1},"1":{"loc":{"start":{"line":2,"column":2},"end":{"line":11,"column":3}},"type":"switch","locations":[{"start":{"line":3,"column":4},"end":{"line":6,"column":8}},{"start":{"line":7,"column":4},"end":{"line":8,"column":16}},{"start":{"line":9,"column":4},"end":{"line":10,"column":19}}],"line":2}},"s":{"0":3,"1":2,"2":0,"3":1},"f":{"0":3},"b":{"0":[1],"1":[2,0,1]},"_coverageSchema":"1a1c01bbd47fc00a2c39e90264f33305004495a9","hash":"b4a4fb9cca2e976a829d916f6bdaca87137d3e3f"}
,"C:\\Users\\Hp\\Desktop\\Expensify\\src\\reducers\\expenses.js": {"path":"C:\\Users\\Hp\\Desktop\\Expensify\\src\\reducers\\expenses.js","statementMap":{"0":{"start":{"line":2,"column":2},"end":{"line":25,"column":3}},"1":{"start":{"line":4,"column":6},"end":{"line":4,"column":40}},"2":{"start":{"line":7,"column":6},"end":{"line":7,"column":56}},"3":{"start":{"line":7,"column":38},"end":{"line":7,"column":54}},"4":{"start":{"line":10,"column":6},"end":{"line":18,"column":9}},"5":{"start":{"line":11,"column":8},"end":{"line":16,"column":30}},"6":{"start":{"line":12,"column":10},"end":{"line":15,"column":12}},"7":{"start":{"line":16,"column":15},"end":{"line":16,"column":30}},"8":{"start":{"line":21,"column":6},"end":{"line":21,"column":29}},"9":{"start":{"line":24,"column":6},"end":{"line":24,"column":19}}},"fnMap":{"0":{"name":"(anonymous_0)","decl":{"start":{"line":1,"column":15},"end":{"line":1,"column":16}},"loc":{"start":{"line":1,"column":39},"end":{"line":26,"column":1}},"line":1},"1":{"name":"(anonymous_1)","decl":{"start":{"line":7,"column":26},"end":{"line":7,"column":27}},"loc":{"start":{"line":7,"column":38},"end":{"line":7,"column":54}},"line":7},"2":{"name":"(anonymous_2)","decl":{"start":{"line":10,"column":23},"end":{"line":10,"column":24}},"loc":{"start":{"line":10,"column":36},"end":{"line":18,"column":7}},"line":10}},"branchMap":{"0":{"loc":{"start":{"line":1,"column":16},"end":{"line":1,"column":26}},"type":"default-arg","locations":[{"start":{"line":1,"column":24},"end":{"line":1,"column":26}}],"line":1},"1":{"loc":{"start":{"line":2,"column":2},"end":{"line":25,"column":3}},"type":"switch","locations":[{"start":{"line":3,"column":4},"end":{"line":4,"column":40}},{"start":{"line":6,"column":4},"end":{"line":7,"column":56}},{"start":{"line":9,"column":4},"end":{"line":18,"column":9}},{"start":{"line":20,"column":4},"end":{"line":21,"column":29}},{"start":{"line":23,"column":4},"end":{"line":24,"column":19}}],"line":2},"2":{"loc":{"start":{"line":11,"column":8},"end":{"line":16,"column":30}},"type":"if","locations":[{"start":{"line":11,"column":8},"end":{"line":16,"column":30}},{"start":{"line":11,"column":8},"end":{"line":16,"column":30}}],"line":11}},"s":{"0":7,"1":1,"2":2,"3":6,"4":2,"5":6,"6":1,"7":5,"8":1,"9":1},"f":{"0":7,"1":6,"2":6},"b":{"0":[1],"1":[1,2,2,1,1],"2":[1,5]},"_coverageSchema":"1a1c01bbd47fc00a2c39e90264f33305004495a9","hash":"25ab099ac071ad032a21d00a6113cbec18264d50"}
,"C:\\Users\\Hp\\Desktop\\Expensify\\src\\reducers\\filters.js": {"path":"C:\\Users\\Hp\\Desktop\\Expensify\\src\\reducers\\filters.js","statementMap":{"0":{"start":{"line":3,"column":34},"end":{"line":8,"column":1}},"1":{"start":{"line":10,"column":22},"end":{"line":44,"column":1}},"2":{"start":{"line":11,"column":2},"end":{"line":43,"column":3}},"3":{"start":{"line":13,"column":6},"end":{"line":16,"column":8}},"4":{"start":{"line":18,"column":6},"end":{"line":21,"column":8}},"5":{"start":{"line":24,"column":6},"end":{"line":27,"column":8}},"6":{"start":{"line":30,"column":6},"end":{"line":33,"column":8}},"7":{"start":{"line":36,"column":6},"end":{"line":39,"column":8}},"8":{"start":{"line":42,"column":6},"end":{"line":42,"column":19}}},"fnMap":{"0":{"name":"(anonymous_0)","decl":{"start":{"line":10,"column":22},"end":{"line":10,"column":23}},"loc":{"start":{"line":10,"column":69},"end":{"line":44,"column":1}},"line":10}},"branchMap":{"0":{"loc":{"start":{"line":10,"column":23},"end":{"line":10,"column":56}},"type":"default-arg","locations":[{"start":{"line":10,"column":31},"end":{"line":10,"column":56}}],"line":10},"1":{"loc":{"start":{"line":11,"column":2},"end":{"line":43,"column":3}},"type":"switch","locations":[{"start":{"line":12,"column":4},"end":{"line":16,"column":8}},{"start":{"line":17,"column":4},"end":{"line":21,"column":8}},{"start":{"line":23,"column":4},"end":{"line":27,"column":8}},{"start":{"line":29,"column":4},"end":{"line":33,"column":8}},{"start":{"line":35,"column":4},"end":{"line":39,"column":8}},{"start":{"line":41,"column":4},"end":{"line":42,"column":19}}],"line":11}},"s":{"0":1,"1":1,"2":6,"3":1,"4":1,"5":1,"6":1,"7":1,"8":1},"f":{"0":6},"b":{"0":[5],"1":[1,1,1,1,1,1]},"_coverageSchema":"1a1c01bbd47fc00a2c39e90264f33305004495a9","hash":"1518ef2b5688469e6035309da108b2345d1db0c0"}
,"C:\\Users\\Hp\\Desktop\\Expensify\\src\\selectors\\expenses-total.js": {"path":"C:\\Users\\Hp\\Desktop\\Expensify\\src\\selectors\\expenses-total.js","statementMap":{"0":{"start":{"line":2,"column":16},"end":{"line":8,"column":7}},"1":{"start":{"line":4,"column":26},"end":{"line":4,"column":40}},"2":{"start":{"line":6,"column":10},"end":{"line":6,"column":27}},"3":{"start":{"line":10,"column":2},"end":{"line":10,"column":15}}},"fnMap":{"0":{"name":"(anonymous_0)","decl":{"start":{"line":1,"column":15},"end":{"line":1,"column":16}},"loc":{"start":{"line":1,"column":29},"end":{"line":11,"column":1}},"line":1},"1":{"name":"(anonymous_1)","decl":{"start":{"line":4,"column":13},"end":{"line":4,"column":14}},"loc":{"start":{"line":4,"column":26},"end":{"line":4,"column":40}},"line":4},"2":{"name":"(anonymous_2)","decl":{"start":{"line":5,"column":16},"end":{"line":5,"column":17}},"loc":{"start":{"line":5,"column":30},"end":{"line":7,"column":9}},"line":5}},"branchMap":{"0":{"loc":{"start":{"line":2,"column":16},"end":{"line":8,"column":7}},"type":"cond-expr","locations":[{"start":{"line":3,"column":6},"end":{"line":7,"column":10}},{"start":{"line":8,"column":6},"end":{"line":8,"column":7}}],"line":2}},"s":{"0":3,"1":4,"2":2,"3":3},"f":{"0":3,"1":4,"2":2},"b":{"0":[2,1]},"_coverageSchema":"1a1c01bbd47fc00a2c39e90264f33305004495a9","hash":"6026e267f4f5513c0a3147773fc952ab3fcd53b3"}
,"C:\\Users\\Hp\\Desktop\\Expensify\\src\\selectors\\expenses.js": {"path":"C:\\Users\\Hp\\Desktop\\Expensify\\src\\selectors\\expenses.js","statementMap":{"0":{"start":{"line":3,"column":27},"end":{"line":28,"column":1}},"1":{"start":{"line":4,"column":2},"end":{"line":27,"column":7}},"2":{"start":{"line":6,"column":30},"end":{"line":6,"column":55}},"3":{"start":{"line":7,"column":31},"end":{"line":9,"column":14}},"4":{"start":{"line":11,"column":29},"end":{"line":13,"column":14}},"5":{"start":{"line":15,"column":26},"end":{"line":17,"column":37}},"6":{"start":{"line":19,"column":6},"end":{"line":19,"column":63}},"7":{"start":{"line":22,"column":6},"end":{"line":26,"column":7}},"8":{"start":{"line":23,"column":8},"end":{"line":23,"column":65}},"9":{"start":{"line":25,"column":8},"end":{"line":25,"column":44}}},"fnMap":{"0":{"name":"(anonymous_0)","decl":{"start":{"line":3,"column":27},"end":{"line":3,"column":28}},"loc":{"start":{"line":3,"column":79},"end":{"line":28,"column":1}},"line":3},"1":{"name":"(anonymous_1)","decl":{"start":{"line":5,"column":12},"end":{"line":5,"column":13}},"loc":{"start":{"line":5,"column":25},"end":{"line":20,"column":5}},"line":5},"2":{"name":"(anonymous_2)","decl":{"start":{"line":21,"column":10},"end":{"line":21,"column":11}},"loc":{"start":{"line":21,"column":20},"end":{"line":27,"column":5}},"line":21}},"branchMap":{"0":{"loc":{"start":{"line":7,"column":31},"end":{"line":9,"column":14}},"type":"cond-expr","locations":[{"start":{"line":8,"column":10},"end":{"line":8,"column":58}},{"start":{"line":9,"column":10},"end":{"line":9,"column":14}}],"line":7},"1":{"loc":{"start":{"line":11,"column":29},"end":{"line":13,"column":14}},"type":"cond-expr","locations":[{"start":{"line":12,"column":10},"end":{"line":12,"column":55}},{"start":{"line":13,"column":10},"end":{"line":13,"column":14}}],"line":11},"2":{"loc":{"start":{"line":19,"column":13},"end":{"line":19,"column":62}},"type":"binary-expr","locations":[{"start":{"line":19,"column":13},"end":{"line":19,"column":29}},{"start":{"line":19,"column":33},"end":{"line":19,"column":47}},{"start":{"line":19,"column":51},"end":{"line":19,"column":62}}],"line":19},"3":{"loc":{"start":{"line":22,"column":6},"end":{"line":26,"column":7}},"type":"if","locations":[{"start":{"line":22,"column":6},"end":{"line":26,"column":7}},{"start":{"line":22,"column":6},"end":{"line":26,"column":7}}],"line":22},"4":{"loc":{"start":{"line":23,"column":15},"end":{"line":23,"column":64}},"type":"cond-expr","locations":[{"start":{"line":23,"column":58},"end":{"line":23,"column":60}},{"start":{"line":23,"column":63},"end":{"line":23,"column":64}}],"line":23},"5":{"loc":{"start":{"line":25,"column":15},"end":{"line":25,"column":43}},"type":"cond-expr","locations":[{"start":{"line":25,"column":37},"end":{"line":25,"column":39}},{"start":{"line":25,"column":42},"end":{"line":25,"column":43}}],"line":25}},"s":{"0":4,"1":5,"2":15,"3":15,"4":15,"5":15,"6":15,"7":11,"8":7,"9":4},"f":{"0":5,"1":15,"2":11},"b":{"0":[3,12],"1":[3,12],"2":[15,14,13],"3":[7,4],"4":[4,3],"5":[2,2]},"_coverageSchema":"1a1c01bbd47fc00a2c39e90264f33305004495a9","hash":"79a18bcd855f90a859fc09572340a1860dabb27d"}
,"C:\\Users\\Hp\\Desktop\\Expensify\\src\\tests\\fixtures\\expenseData.js": {"path":"C:\\Users\\Hp\\Desktop\\Expensify\\src\\tests\\fixtures\\expenseData.js","statementMap":{},"fnMap":{},"branchMap":{},"s":{},"f":{},"b":{},"_coverageSchema":"1a1c01bbd47fc00a2c39e90264f33305004495a9","hash":"0b442479e65b70e8755d2775747252468380bdd0"}
,"C:\\Users\\Hp\\Desktop\\Expensify\\src\\tests\\fixtures\\filterData.js": {"path":"C:\\Users\\Hp\\Desktop\\Expensify\\src\\tests\\fixtures\\filterData.js","statementMap":{"0":{"start":{"line":3,"column":23},"end":{"line":8,"column":1}},"1":{"start":{"line":10,"column":26},"end":{"line":15,"column":1}}},"fnMap":{},"branchMap":{},"s":{"0":2,"1":2},"f":{},"b":{},"_coverageSchema":"1a1c01bbd47fc00a2c39e90264f33305004495a9","hash":"fde533704f1a7d1bfe77a59c271fdbfcda229e7b"}
}
