TN:
SF:src\actions\auth.js
FN:3,(anonymous_0)
FN:8,(anonymous_1)
FN:9,(anonymous_2)
FN:14,(anonymous_3)
FN:18,(anonymous_4)
FN:19,(anonymous_5)
FNF:6
FNH:2
FNDA:1,(anonymous_0)
FNDA:0,(anonymous_1)
FNDA:0,(anonymous_2)
FNDA:1,(anonymous_3)
FNDA:0,(anonymous_4)
FNDA:0,(anonymous_5)
DA:3,3
DA:8,3
DA:9,0
DA:10,0
DA:14,3
DA:18,3
DA:19,0
DA:20,0
LF:8
LH:4
BRF:0
BRH:0
end_of_record
TN:
SF:src\actions\expenses.js
FN:4,(anonymous_0)
FN:9,(anonymous_1)
FN:10,(anonymous_2)
FN:22,(anonymous_3)
FN:30,(anonymous_4)
FN:35,(anonymous_5)
FN:40,(anonymous_6)
FN:41,(anonymous_7)
FN:45,(anonymous_8)
FN:48,(anonymous_9)
FN:53,(anonymous_10)
FN:59,(anonymous_11)
FN:60,(anonymous_12)
FN:64,(anonymous_13)
FN:67,(anonymous_14)
FN:72,(anonymous_15)
FN:77,(anonymous_16)
FN:78,(anonymous_17)
FN:83,(anonymous_18)
FN:85,(anonymous_19)
FN:90,(anonymous_20)
FNF:21
FNH:17
FNDA:2,(anonymous_0)
FNDA:2,(anonymous_1)
FNDA:2,(anonymous_2)
FNDA:2,(anonymous_3)
FNDA:0,(anonymous_4)
FNDA:2,(anonymous_5)
FNDA:1,(anonymous_6)
FNDA:1,(anonymous_7)
FNDA:1,(anonymous_8)
FNDA:0,(anonymous_9)
FNDA:2,(anonymous_10)
FNDA:1,(anonymous_11)
FNDA:1,(anonymous_12)
FNDA:1,(anonymous_13)
FNDA:0,(anonymous_14)
FNDA:2,(anonymous_15)
FNDA:1,(anonymous_16)
FNDA:1,(anonymous_17)
FNDA:1,(anonymous_18)
FNDA:3,(anonymous_19)
FNDA:0,(anonymous_20)
DA:4,3
DA:9,3
DA:10,2
DA:11,2
DA:17,2
DA:18,2
DA:19,2
DA:23,2
DA:30,0
DA:35,3
DA:40,3
DA:41,1
DA:42,1
DA:43,1
DA:46,1
DA:48,0
DA:53,3
DA:59,3
DA:60,1
DA:61,1
DA:62,1
DA:65,1
DA:67,0
DA:72,3
DA:77,3
DA:78,1
DA:79,1
DA:80,1
DA:84,1
DA:85,1
DA:86,3
DA:88,1
DA:90,0
LF:33
LH:29
BRDA:9,0,0,1
BRDA:13,1,0,1
BRDA:14,2,0,1
BRDA:15,3,0,1
BRDA:16,4,0,1
BRF:5
BRH:5
end_of_record
TN:
SF:src\actions\filters.js
FN:2,(anonymous_0)
FN:8,(anonymous_1)
FN:13,(anonymous_2)
FN:18,(anonymous_3)
FN:24,(anonymous_4)
FNF:5
FNH:5
FNDA:2,(anonymous_0)
FNDA:1,(anonymous_1)
FNDA:1,(anonymous_2)
FNDA:1,(anonymous_3)
FNDA:1,(anonymous_4)
DA:2,3
DA:8,3
DA:13,3
DA:18,3
DA:24,3
LF:5
LH:5
BRDA:2,0,0,0
BRF:1
BRH:0
end_of_record
TN:
SF:src\components\CreateExpense.js
FN:7,(anonymous_0)
FN:13,(anonymous_1)
FN:27,(anonymous_2)
FN:28,(anonymous_3)
FNF:4
FNH:2
FNDA:1,(anonymous_0)
FNDA:2,(anonymous_1)
FNDA:0,(anonymous_2)
FNDA:0,(anonymous_3)
DA:7,2
DA:8,1
DA:9,1
DA:10,1
DA:14,2
DA:27,1
DA:28,0
LF:7
LH:6
BRF:0
BRH:0
end_of_record
TN:
SF:src\components\Dashboard.js
FN:6,(anonymous_0)
FNF:1
FNH:1
FNDA:1,(anonymous_0)
DA:6,1
DA:7,1
LF:2
LH:2
BRF:0
BRH:0
end_of_record
TN:
SF:src\components\DoesNotExist.js
FN:2,(anonymous_0)
FNF:1
FNH:1
FNDA:1,(anonymous_0)
DA:2,1
LF:1
LH:1
BRF:0
BRH:0
end_of_record
TN:
SF:src\components\EditExpense.js
FN:7,(anonymous_0)
FN:14,(anonymous_1)
FN:18,(anonymous_2)
FN:32,(anonymous_3)
FN:34,(anonymous_4)
FN:38,(anonymous_5)
FN:39,(anonymous_6)
FN:40,(anonymous_7)
FNF:8
FNH:3
FNDA:1,(anonymous_0)
FNDA:1,(anonymous_1)
FNDA:3,(anonymous_2)
FNDA:0,(anonymous_3)
FNDA:0,(anonymous_4)
FNDA:0,(anonymous_5)
FNDA:0,(anonymous_6)
FNDA:0,(anonymous_7)
DA:7,3
DA:9,1
DA:10,1
DA:11,1
DA:14,3
DA:15,1
DA:16,1
DA:19,3
DA:32,1
DA:34,0
DA:38,1
DA:39,0
DA:40,0
LF:13
LH:10
BRF:0
BRH:0
end_of_record
TN:
SF:src\components\ExpenseForm.js
FN:9,(anonymous_0)
FN:24,(anonymous_1)
FN:26,(anonymous_2)
FN:29,(anonymous_3)
FN:31,(anonymous_4)
FN:34,(anonymous_5)
FN:37,(anonymous_6)
FN:42,(anonymous_7)
FN:45,(anonymous_8)
FN:49,(anonymous_9)
FN:61,(anonymous_10)
FN:62,(anonymous_11)
FN:65,(anonymous_12)
FN:66,(anonymous_13)
FN:69,(anonymous_14)
FN:93,(anonymous_15)
FNF:16
FNH:15
FNDA:10,(anonymous_0)
FNDA:1,(anonymous_1)
FNDA:1,(anonymous_2)
FNDA:1,(anonymous_3)
FNDA:1,(anonymous_4)
FNDA:3,(anonymous_5)
FNDA:1,(anonymous_6)
FNDA:2,(anonymous_7)
FNDA:1,(anonymous_8)
FNDA:1,(anonymous_9)
FNDA:1,(anonymous_10)
FNDA:1,(anonymous_11)
FNDA:1,(anonymous_12)
FNDA:1,(anonymous_13)
FNDA:17,(anonymous_14)
FNDA:0,(anonymous_15)
DA:10,10
DA:11,10
DA:24,10
DA:25,1
DA:26,1
DA:29,10
DA:30,1
DA:31,1
DA:34,10
DA:35,3
DA:36,3
DA:37,1
DA:39,3
DA:42,10
DA:43,2
DA:44,2
DA:45,1
DA:49,1
DA:50,1
DA:61,10
DA:62,1
DA:65,10
DA:66,1
DA:70,17
DA:93,0
LF:25
LH:24
BRDA:12,0,0,2
BRDA:12,0,1,8
BRDA:13,1,0,2
BRDA:13,1,1,8
BRDA:14,2,0,2
BRDA:14,2,1,8
BRDA:15,3,0,2
BRDA:15,3,1,8
BRDA:36,4,0,3
BRDA:36,4,1,3
BRDA:36,4,2,1
BRDA:44,5,0,1
BRDA:44,5,1,1
BRDA:44,6,0,2
BRDA:44,6,1,1
BRDA:62,7,0,1
BRDA:62,7,1,0
BRF:17
BRH:16
end_of_record
TN:
SF:src\components\ExpenseList.js
FN:6,(anonymous_0)
FN:10,(anonymous_1)
FN:20,(anonymous_2)
FNF:3
FNH:2
FNDA:2,(anonymous_0)
FNDA:3,(anonymous_1)
FNDA:0,(anonymous_2)
DA:6,2
DA:7,2
DA:11,3
DA:20,2
DA:21,0
LF:5
LH:4
BRDA:8,0,0,1
BRDA:8,0,1,1
BRF:2
BRH:2
end_of_record
TN:
SF:src\components\ExpenseListFilters.js
FN:17,(anonymous_0)
FN:22,(anonymous_1)
FN:23,(anonymous_2)
FN:26,(anonymous_3)
FN:30,(anonymous_4)
FN:35,(anonymous_5)
FN:56,(anonymous_6)
FN:65,(anonymous_7)
FN:71,(anonymous_8)
FN:72,(anonymous_9)
FN:73,(anonymous_10)
FN:74,(anonymous_11)
FN:75,(anonymous_12)
FN:76,(anonymous_13)
FNF:14
FNH:6
FNDA:1,(anonymous_0)
FNDA:1,(anonymous_1)
FNDA:1,(anonymous_2)
FNDA:1,(anonymous_3)
FNDA:2,(anonymous_4)
FNDA:10,(anonymous_5)
FNDA:0,(anonymous_6)
FNDA:0,(anonymous_7)
FNDA:0,(anonymous_8)
FNDA:0,(anonymous_9)
FNDA:0,(anonymous_10)
FNDA:0,(anonymous_11)
FNDA:0,(anonymous_12)
FNDA:0,(anonymous_13)
DA:13,7
DA:17,7
DA:18,1
DA:19,1
DA:22,7
DA:23,1
DA:26,7
DA:27,1
DA:30,7
DA:31,2
DA:36,10
DA:56,0
DA:65,2
DA:66,0
DA:71,2
DA:72,0
DA:73,0
DA:74,0
DA:75,0
DA:76,0
LF:20
LH:13
BRDA:31,0,0,1
BRDA:31,0,1,1
BRF:2
BRH:2
end_of_record
TN:
SF:src\components\ExpenseListItem.js
FN:6,(anonymous_0)
FNF:1
FNH:1
FNDA:1,(anonymous_0)
DA:6,3
DA:7,1
LF:2
LH:2
BRF:0
BRH:0
end_of_record
TN:
SF:src\components\ExpenseSummary.js
FN:8,(anonymous_0)
FN:29,(anonymous_1)
FNF:2
FNH:1
FNDA:2,(anonymous_0)
FNDA:0,(anonymous_1)
DA:8,2
DA:12,2
DA:29,2
DA:30,0
DA:31,0
DA:32,0
DA:33,0
LF:7
LH:3
BRF:0
BRH:0
end_of_record
TN:
SF:src\components\Header.js
FN:8,(anonymous_0)
FN:23,(anonymous_1)
FN:24,(anonymous_2)
FNF:3
FNH:1
FNDA:2,(anonymous_0)
FNDA:0,(anonymous_1)
FNDA:0,(anonymous_2)
DA:8,1
DA:9,2
DA:23,1
DA:24,0
LF:4
LH:3
BRF:0
BRH:0
end_of_record
TN:
SF:src\components\LoginPage.js
FN:5,(anonymous_0)
FN:19,(anonymous_1)
FN:20,(anonymous_2)
FNF:3
FNH:1
FNDA:2,(anonymous_0)
FNDA:0,(anonymous_1)
FNDA:0,(anonymous_2)
DA:5,1
DA:6,2
DA:19,1
DA:20,0
LF:4
LH:3
BRF:0
BRH:0
end_of_record
TN:
SF:src\firebase\firebase.js
FNF:0
FNH:0
DA:6,6
DA:17,6
DA:20,6
DA:21,6
LF:4
LH:4
BRF:0
BRH:0
end_of_record
TN:
SF:src\reducers\auth.js
FN:1,(anonymous_0)
FNF:1
FNH:1
FNDA:3,(anonymous_0)
DA:2,3
DA:4,2
DA:8,0
DA:10,1
LF:4
LH:3
BRDA:1,0,0,1
BRDA:2,1,0,2
BRDA:2,1,1,0
BRDA:2,1,2,1
BRF:4
BRH:3
end_of_record
TN:
SF:src\reducers\expenses.js
FN:1,(anonymous_0)
FN:7,(anonymous_1)
FN:10,(anonymous_2)
FNF:3
FNH:3
FNDA:7,(anonymous_0)
FNDA:6,(anonymous_1)
FNDA:6,(anonymous_2)
DA:2,7
DA:4,1
DA:7,6
DA:10,2
DA:11,6
DA:12,1
DA:16,5
DA:21,1
DA:24,1
LF:9
LH:9
BRDA:1,0,0,1
BRDA:2,1,0,1
BRDA:2,1,1,2
BRDA:2,1,2,2
BRDA:2,1,3,1
BRDA:2,1,4,1
BRDA:11,2,0,1
BRDA:11,2,1,5
BRF:8
BRH:8
end_of_record
TN:
SF:src\reducers\filters.js
FN:10,(anonymous_0)
FNF:1
FNH:1
FNDA:6,(anonymous_0)
DA:3,1
DA:10,1
DA:11,6
DA:13,1
DA:18,1
DA:24,1
DA:30,1
DA:36,1
DA:42,1
LF:9
LH:9
BRDA:10,0,0,5
BRDA:11,1,0,1
BRDA:11,1,1,1
BRDA:11,1,2,1
BRDA:11,1,3,1
BRDA:11,1,4,1
BRDA:11,1,5,1
BRF:7
BRH:7
end_of_record
TN:
SF:src\selectors\expenses-total.js
FN:1,(anonymous_0)
FN:4,(anonymous_1)
FN:5,(anonymous_2)
FNF:3
FNH:3
FNDA:3,(anonymous_0)
FNDA:4,(anonymous_1)
FNDA:2,(anonymous_2)
DA:2,3
DA:4,4
DA:6,2
DA:10,3
LF:4
LH:4
BRDA:2,0,0,2
BRDA:2,0,1,1
BRF:2
BRH:2
end_of_record
TN:
SF:src\selectors\expenses.js
FN:3,(anonymous_0)
FN:5,(anonymous_1)
FN:21,(anonymous_2)
FNF:3
FNH:3
FNDA:5,(anonymous_0)
FNDA:15,(anonymous_1)
FNDA:11,(anonymous_2)
DA:3,4
DA:4,5
DA:6,15
DA:7,15
DA:11,15
DA:15,15
DA:19,15
DA:22,11
DA:23,7
DA:25,4
LF:10
LH:10
BRDA:7,0,0,3
BRDA:7,0,1,12
BRDA:11,1,0,3
BRDA:11,1,1,12
BRDA:19,2,0,15
BRDA:19,2,1,14
BRDA:19,2,2,13
BRDA:22,3,0,7
BRDA:22,3,1,4
BRDA:23,4,0,4
BRDA:23,4,1,3
BRDA:25,5,0,2
BRDA:25,5,1,2
BRF:13
BRH:13
end_of_record
TN:
SF:src\tests\fixtures\expenseData.js
FNF:0
FNH:0
LF:0
LH:0
BRF:0
BRH:0
end_of_record
TN:
SF:src\tests\fixtures\filterData.js
FNF:0
FNH:0
DA:3,2
DA:10,2
LF:2
LH:2
BRF:0
BRH:0
end_of_record
